[2026-02-05T05:22:25.050+0000] {local_task_job_runner.py:123} INFO - ::group::Pre task execution logs
[2026-02-05T05:22:25.070+0000] {taskinstance.py:2603} INFO - Dependencies all met for dep_context=non-requeueable deps ti=<TaskInstance: crypto_etl_pipeline.dbt_transform scheduled__2026-02-05T04:00:00+00:00 [queued]>
[2026-02-05T05:22:25.081+0000] {taskinstance.py:2603} INFO - Dependencies all met for dep_context=requeueable deps ti=<TaskInstance: crypto_etl_pipeline.dbt_transform scheduled__2026-02-05T04:00:00+00:00 [queued]>
[2026-02-05T05:22:25.082+0000] {taskinstance.py:2856} INFO - Starting attempt 3 of 3
[2026-02-05T05:22:25.099+0000] {taskinstance.py:2879} INFO - Executing <Task(BashOperator): dbt_transform> on 2026-02-05 04:00:00+00:00
[2026-02-05T05:22:25.110+0000] {logging_mixin.py:190} WARNING - /home/***/.local/lib/python3.12/site-packages/***/task/task_runner/standard_task_runner.py:70 DeprecationWarning: This process (pid=382) is multi-threaded, use of fork() may lead to deadlocks in the child.
[2026-02-05T05:22:25.112+0000] {standard_task_runner.py:72} INFO - Started process 384 to run task
[2026-02-05T05:22:25.110+0000] {standard_task_runner.py:104} INFO - Running: ['***', 'tasks', 'run', 'crypto_etl_pipeline', 'dbt_transform', 'scheduled__2026-02-05T04:00:00+00:00', '--job-id', '7', '--raw', '--subdir', 'DAGS_FOLDER/crypto_pipeline.py', '--cfg-path', '/tmp/tmpdf0g78li']
[2026-02-05T05:22:25.114+0000] {standard_task_runner.py:105} INFO - Job 7: Subtask dbt_transform
[2026-02-05T05:22:25.131+0000] {logging_mixin.py:190} WARNING - /home/***/.local/lib/python3.12/site-packages/***/settings.py:209 DeprecationWarning: The sql_alchemy_conn option in [core] has been moved to the sql_alchemy_conn option in [database] - the old setting has been used, but please update your config.
[2026-02-05T05:22:25.194+0000] {task_command.py:467} INFO - Running <TaskInstance: crypto_etl_pipeline.dbt_transform scheduled__2026-02-05T04:00:00+00:00 [running]> on host 18b96e710945
[2026-02-05T05:22:25.196+0000] {logging_mixin.py:190} WARNING - /home/***/.local/lib/python3.12/site-packages/***/settings.py:449 DeprecationWarning: The sql_alchemy_conn option in [core] has been moved to the sql_alchemy_conn option in [database] - the old setting has been used, but please update your config.
[2026-02-05T05:22:25.287+0000] {taskinstance.py:3122} INFO - Exporting env vars: AIRFLOW_CTX_DAG_OWNER='***' AIRFLOW_CTX_DAG_ID='crypto_etl_pipeline' AIRFLOW_CTX_TASK_ID='dbt_transform' AIRFLOW_CTX_EXECUTION_DATE='2026-02-05T04:00:00+00:00' AIRFLOW_CTX_TRY_NUMBER='3' AIRFLOW_CTX_DAG_RUN_ID='scheduled__2026-02-05T04:00:00+00:00'
[2026-02-05T05:22:25.290+0000] {taskinstance.py:731} INFO - ::endgroup::
[2026-02-05T05:22:25.309+0000] {subprocess.py:63} INFO - Tmp dir root location: /tmp
[2026-02-05T05:22:25.311+0000] {subprocess.py:75} INFO - Running command: ['/usr/bin/bash', '-c', 'cd /opt/***/dbt && python -m dbt run']
[2026-02-05T05:22:25.324+0000] {subprocess.py:86} INFO - Output:
[2026-02-05T05:22:25.397+0000] {subprocess.py:93} INFO - /home/***/.local/bin/python: No module named dbt
[2026-02-05T05:22:25.401+0000] {subprocess.py:97} INFO - Command exited with return code 1
[2026-02-05T05:22:25.416+0000] {taskinstance.py:3301} ERROR - Task failed with exception
Traceback (most recent call last):
  File "/home/airflow/.local/lib/python3.12/site-packages/airflow/models/taskinstance.py", line 767, in _execute_task
    result = _execute_callable(context=context, **execute_callable_kwargs)
             ^^^^^^^^^^^^^^^^^^^^^^^^^^^^^^^^^^^^^^^^^^^^^^^^^^^^^^^^^^^^^
  File "/home/airflow/.local/lib/python3.12/site-packages/airflow/models/taskinstance.py", line 733, in _execute_callable
    return ExecutionCallableRunner(
           ^^^^^^^^^^^^^^^^^^^^^^^^
  File "/home/airflow/.local/lib/python3.12/site-packages/airflow/utils/operator_helpers.py", line 252, in run
    return self.func(*args, **kwargs)
           ^^^^^^^^^^^^^^^^^^^^^^^^^^
  File "/home/airflow/.local/lib/python3.12/site-packages/airflow/models/baseoperator.py", line 406, in wrapper
    return func(self, *args, **kwargs)
           ^^^^^^^^^^^^^^^^^^^^^^^^^^^
  File "/home/airflow/.local/lib/python3.12/site-packages/airflow/operators/bash.py", line 249, in execute
    raise AirflowException(
airflow.exceptions.AirflowException: Bash command failed. The command returned a non-zero exit code 1.
[2026-02-05T05:22:25.435+0000] {taskinstance.py:1225} INFO - Marking task as FAILED. dag_id=crypto_etl_pipeline, task_id=dbt_transform, run_id=scheduled__2026-02-05T04:00:00+00:00, execution_date=20260205T040000, start_date=20260205T052225, end_date=20260205T052225
[2026-02-05T05:22:25.454+0000] {taskinstance.py:340} INFO - ::group::Post task execution logs
[2026-02-05T05:22:25.455+0000] {standard_task_runner.py:124} ERROR - Failed to execute job 7 for task dbt_transform (Bash command failed. The command returned a non-zero exit code 1.; 384)
Traceback (most recent call last):
  File "/home/airflow/.local/lib/python3.12/site-packages/airflow/task/task_runner/standard_task_runner.py", line 117, in _start_by_fork
    ret = args.func(args, dag=self.dag)
          ^^^^^^^^^^^^^^^^^^^^^^^^^^^^^
  File "/home/airflow/.local/lib/python3.12/site-packages/airflow/cli/cli_config.py", line 49, in command
    return func(*args, **kwargs)
           ^^^^^^^^^^^^^^^^^^^^^
  File "/home/airflow/.local/lib/python3.12/site-packages/airflow/utils/cli.py", line 115, in wrapper
    return f(*args, **kwargs)
           ^^^^^^^^^^^^^^^^^^
  File "/home/airflow/.local/lib/python3.12/site-packages/airflow/cli/commands/task_command.py", line 483, in task_run
    task_return_code = _run_task_by_selected_method(args, _dag, ti)
                       ^^^^^^^^^^^^^^^^^^^^^^^^^^^^^^^^^^^^^^^^^^^^
  File "/home/airflow/.local/lib/python3.12/site-packages/airflow/cli/commands/task_command.py", line 256, in _run_task_by_selected_method
    return _run_raw_task(args, ti)
           ^^^^^^^^^^^^^^^^^^^^^^^
  File "/home/airflow/.local/lib/python3.12/site-packages/airflow/cli/commands/task_command.py", line 341, in _run_raw_task
    return ti._run_raw_task(
           ^^^^^^^^^^^^^^^^^
  File "/home/airflow/.local/lib/python3.12/site-packages/airflow/utils/session.py", line 97, in wrapper
    return func(*args, session=session, **kwargs)
           ^^^^^^^^^^^^^^^^^^^^^^^^^^^^^^^^^^^^^^
  File "/home/airflow/.local/lib/python3.12/site-packages/airflow/models/taskinstance.py", line 2995, in _run_raw_task
    return _run_raw_task(
           ^^^^^^^^^^^^^^
  File "/home/airflow/.local/lib/python3.12/site-packages/airflow/models/taskinstance.py", line 273, in _run_raw_task
    TaskInstance._execute_task_with_callbacks(
  File "/home/airflow/.local/lib/python3.12/site-packages/airflow/models/taskinstance.py", line 3149, in _execute_task_with_callbacks
    result = self._execute_task(context, task_orig)
             ^^^^^^^^^^^^^^^^^^^^^^^^^^^^^^^^^^^^^^
  File "/home/airflow/.local/lib/python3.12/site-packages/airflow/models/taskinstance.py", line 3173, in _execute_task
    return _execute_task(self, context, task_orig)
           ^^^^^^^^^^^^^^^^^^^^^^^^^^^^^^^^^^^^^^^
  File "/home/airflow/.local/lib/python3.12/site-packages/airflow/models/taskinstance.py", line 767, in _execute_task
    result = _execute_callable(context=context, **execute_callable_kwargs)
             ^^^^^^^^^^^^^^^^^^^^^^^^^^^^^^^^^^^^^^^^^^^^^^^^^^^^^^^^^^^^^
  File "/home/airflow/.local/lib/python3.12/site-packages/airflow/models/taskinstance.py", line 733, in _execute_callable
    return ExecutionCallableRunner(
           ^^^^^^^^^^^^^^^^^^^^^^^^
  File "/home/airflow/.local/lib/python3.12/site-packages/airflow/utils/operator_helpers.py", line 252, in run
    return self.func(*args, **kwargs)
           ^^^^^^^^^^^^^^^^^^^^^^^^^^
  File "/home/airflow/.local/lib/python3.12/site-packages/airflow/models/baseoperator.py", line 406, in wrapper
    return func(self, *args, **kwargs)
           ^^^^^^^^^^^^^^^^^^^^^^^^^^^
  File "/home/airflow/.local/lib/python3.12/site-packages/airflow/operators/bash.py", line 249, in execute
    raise AirflowException(
airflow.exceptions.AirflowException: Bash command failed. The command returned a non-zero exit code 1.
[2026-02-05T05:22:25.498+0000] {local_task_job_runner.py:261} INFO - Task exited with return code 1
[2026-02-05T05:22:25.526+0000] {taskinstance.py:3891} INFO - 0 downstream tasks scheduled from follow-on schedule check
[2026-02-05T05:22:25.531+0000] {local_task_job_runner.py:240} INFO - ::endgroup::
[2026-02-05T05:43:38.498+0000] {local_task_job_runner.py:123} INFO - ::group::Pre task execution logs
[2026-02-05T05:43:38.515+0000] {taskinstance.py:2612} INFO - Dependencies all met for dep_context=non-requeueable deps ti=<TaskInstance: crypto_etl_pipeline.dbt_transform scheduled__2026-02-05T04:00:00+00:00 [queued]>
[2026-02-05T05:43:38.524+0000] {taskinstance.py:2612} INFO - Dependencies all met for dep_context=requeueable deps ti=<TaskInstance: crypto_etl_pipeline.dbt_transform scheduled__2026-02-05T04:00:00+00:00 [queued]>
[2026-02-05T05:43:38.525+0000] {taskinstance.py:2865} INFO - Starting attempt 3 of 3
[2026-02-05T05:43:38.541+0000] {taskinstance.py:2888} INFO - Executing <Task(BashOperator): dbt_transform> on 2026-02-05 04:00:00+00:00
[2026-02-05T05:43:38.551+0000] {logging_mixin.py:190} WARNING - /home/***/.local/lib/python3.12/site-packages/***/task/task_runner/standard_task_runner.py:70 DeprecationWarning: This process (pid=415) is multi-threaded, use of fork() may lead to deadlocks in the child.
[2026-02-05T05:43:38.553+0000] {standard_task_runner.py:72} INFO - Started process 417 to run task
[2026-02-05T05:43:38.551+0000] {standard_task_runner.py:104} INFO - Running: ['***', 'tasks', 'run', 'crypto_etl_pipeline', 'dbt_transform', 'scheduled__2026-02-05T04:00:00+00:00', '--job-id', '6', '--raw', '--subdir', 'DAGS_FOLDER/crypto_pipeline.py', '--cfg-path', '/tmp/tmpdpa9a54t']
[2026-02-05T05:43:38.554+0000] {standard_task_runner.py:105} INFO - Job 6: Subtask dbt_transform
[2026-02-05T05:43:38.595+0000] {logging_mixin.py:190} WARNING - /home/***/.local/lib/python3.12/site-packages/***/settings.py:209 DeprecationWarning: The sql_alchemy_conn option in [core] has been moved to the sql_alchemy_conn option in [database] - the old setting has been used, but please update your config.
[2026-02-05T05:43:38.650+0000] {task_command.py:467} INFO - Running <TaskInstance: crypto_etl_pipeline.dbt_transform scheduled__2026-02-05T04:00:00+00:00 [running]> on host 9e5d710f3666
[2026-02-05T05:43:38.652+0000] {logging_mixin.py:190} WARNING - /home/***/.local/lib/python3.12/site-packages/***/settings.py:470 DeprecationWarning: The sql_alchemy_conn option in [core] has been moved to the sql_alchemy_conn option in [database] - the old setting has been used, but please update your config.
[2026-02-05T05:43:38.754+0000] {taskinstance.py:3131} INFO - Exporting env vars: AIRFLOW_CTX_DAG_OWNER='***' AIRFLOW_CTX_DAG_ID='crypto_etl_pipeline' AIRFLOW_CTX_TASK_ID='dbt_transform' AIRFLOW_CTX_EXECUTION_DATE='2026-02-05T04:00:00+00:00' AIRFLOW_CTX_TRY_NUMBER='3' AIRFLOW_CTX_DAG_RUN_ID='scheduled__2026-02-05T04:00:00+00:00'
[2026-02-05T05:43:38.755+0000] {taskinstance.py:731} INFO - ::endgroup::
[2026-02-05T05:43:38.771+0000] {subprocess.py:63} INFO - Tmp dir root location: /tmp
[2026-02-05T05:43:38.773+0000] {subprocess.py:75} INFO - Running command: ['/usr/bin/bash', '-c', 'python -m venv /tmp/dbt_env && source /tmp/dbt_env/bin/activate && pip install dbt-postgres && cd /opt/***/dbt && dbt run --profiles-dir .']
[2026-02-05T05:43:38.784+0000] {subprocess.py:86} INFO - Output:
[2026-02-05T05:43:43.230+0000] {subprocess.py:93} INFO - Requirement already satisfied: dbt-postgres in /tmp/dbt_env/lib/python3.12/site-packages (1.10.0)
[2026-02-05T05:43:43.232+0000] {subprocess.py:93} INFO - Requirement already satisfied: agate<2.0,>=1.0 in /tmp/dbt_env/lib/python3.12/site-packages (from dbt-postgres) (1.9.1)
[2026-02-05T05:43:43.233+0000] {subprocess.py:93} INFO - Requirement already satisfied: dbt-adapters<2.0,>=1.19.0 in /tmp/dbt_env/lib/python3.12/site-packages (from dbt-postgres) (1.22.5)
[2026-02-05T05:43:43.233+0000] {subprocess.py:93} INFO - Requirement already satisfied: dbt-common<2.0,>=1.0.4 in /tmp/dbt_env/lib/python3.12/site-packages (from dbt-postgres) (1.37.2)
[2026-02-05T05:43:43.234+0000] {subprocess.py:93} INFO - Requirement already satisfied: dbt-core>=1.8.0rc1 in /tmp/dbt_env/lib/python3.12/site-packages (from dbt-postgres) (1.11.2)
[2026-02-05T05:43:43.234+0000] {subprocess.py:93} INFO - Requirement already satisfied: psycopg2-binary<3.0,>=2.9 in /tmp/dbt_env/lib/python3.12/site-packages (from dbt-postgres) (2.9.11)
[2026-02-05T05:43:43.237+0000] {subprocess.py:93} INFO - Requirement already satisfied: Babel>=2.0 in /tmp/dbt_env/lib/python3.12/site-packages (from agate<2.0,>=1.0->dbt-postgres) (2.18.0)
[2026-02-05T05:43:43.238+0000] {subprocess.py:93} INFO - Requirement already satisfied: isodate>=0.5.4 in /tmp/dbt_env/lib/python3.12/site-packages (from agate<2.0,>=1.0->dbt-postgres) (0.7.2)
[2026-02-05T05:43:43.239+0000] {subprocess.py:93} INFO - Requirement already satisfied: leather>=0.3.2 in /tmp/dbt_env/lib/python3.12/site-packages (from agate<2.0,>=1.0->dbt-postgres) (0.4.1)
[2026-02-05T05:43:43.239+0000] {subprocess.py:93} INFO - Requirement already satisfied: parsedatetime!=2.5,>=2.1 in /tmp/dbt_env/lib/python3.12/site-packages (from agate<2.0,>=1.0->dbt-postgres) (2.6)
[2026-02-05T05:43:43.240+0000] {subprocess.py:93} INFO - Requirement already satisfied: python-slugify>=1.2.1 in /tmp/dbt_env/lib/python3.12/site-packages (from agate<2.0,>=1.0->dbt-postgres) (8.0.4)
[2026-02-05T05:43:43.240+0000] {subprocess.py:93} INFO - Requirement already satisfied: pytimeparse>=1.1.5 in /tmp/dbt_env/lib/python3.12/site-packages (from agate<2.0,>=1.0->dbt-postgres) (1.1.8)
[2026-02-05T05:43:43.245+0000] {subprocess.py:93} INFO - Requirement already satisfied: dbt-protos<2.0,>=1.0.291 in /tmp/dbt_env/lib/python3.12/site-packages (from dbt-adapters<2.0,>=1.19.0->dbt-postgres) (1.0.427)
[2026-02-05T05:43:43.245+0000] {subprocess.py:93} INFO - Requirement already satisfied: mashumaro<3.15,>=3.9 in /tmp/dbt_env/lib/python3.12/site-packages (from mashumaro[msgpack]<3.15,>=3.9->dbt-adapters<2.0,>=1.19.0->dbt-postgres) (3.14)
[2026-02-05T05:43:43.246+0000] {subprocess.py:93} INFO - Requirement already satisfied: protobuf<7.0,>=6.0 in /tmp/dbt_env/lib/python3.12/site-packages (from dbt-adapters<2.0,>=1.19.0->dbt-postgres) (6.33.5)
[2026-02-05T05:43:43.247+0000] {subprocess.py:93} INFO - Requirement already satisfied: pytz>=2015.7 in /tmp/dbt_env/lib/python3.12/site-packages (from dbt-adapters<2.0,>=1.19.0->dbt-postgres) (2025.2)
[2026-02-05T05:43:43.247+0000] {subprocess.py:93} INFO - Requirement already satisfied: typing-extensions<5.0,>=4.0 in /tmp/dbt_env/lib/python3.12/site-packages (from dbt-adapters<2.0,>=1.19.0->dbt-postgres) (4.15.0)
[2026-02-05T05:43:43.253+0000] {subprocess.py:93} INFO - Requirement already satisfied: colorama<0.5,>=0.3.9 in /tmp/dbt_env/lib/python3.12/site-packages (from dbt-common<2.0,>=1.0.4->dbt-postgres) (0.4.6)
[2026-02-05T05:43:43.254+0000] {subprocess.py:93} INFO - Requirement already satisfied: deepdiff<9.0,>=7.0 in /tmp/dbt_env/lib/python3.12/site-packages (from dbt-common<2.0,>=1.0.4->dbt-postgres) (8.6.1)
[2026-02-05T05:43:43.255+0000] {subprocess.py:93} INFO - Requirement already satisfied: jinja2<4,>=3.1.3 in /tmp/dbt_env/lib/python3.12/site-packages (from dbt-common<2.0,>=1.0.4->dbt-postgres) (3.1.6)
[2026-02-05T05:43:43.256+0000] {subprocess.py:93} INFO - Requirement already satisfied: jsonschema<5.0,>=4.0 in /tmp/dbt_env/lib/python3.12/site-packages (from dbt-common<2.0,>=1.0.4->dbt-postgres) (4.26.0)
[2026-02-05T05:43:43.257+0000] {subprocess.py:93} INFO - Requirement already satisfied: pathspec<0.13,>=0.9 in /tmp/dbt_env/lib/python3.12/site-packages (from dbt-common<2.0,>=1.0.4->dbt-postgres) (0.12.1)
[2026-02-05T05:43:43.258+0000] {subprocess.py:93} INFO - Requirement already satisfied: python-dateutil<3.0,>=2.0 in /tmp/dbt_env/lib/python3.12/site-packages (from dbt-common<2.0,>=1.0.4->dbt-postgres) (2.9.0.post0)
[2026-02-05T05:43:43.259+0000] {subprocess.py:93} INFO - Requirement already satisfied: requests<3.0.0 in /tmp/dbt_env/lib/python3.12/site-packages (from dbt-common<2.0,>=1.0.4->dbt-postgres) (2.32.5)
[2026-02-05T05:43:43.263+0000] {subprocess.py:93} INFO - Requirement already satisfied: click<9.0,>=8.2.0 in /tmp/dbt_env/lib/python3.12/site-packages (from dbt-core>=1.8.0rc1->dbt-postgres) (8.3.1)
[2026-02-05T05:43:43.264+0000] {subprocess.py:93} INFO - Requirement already satisfied: daff>=1.3.46 in /tmp/dbt_env/lib/python3.12/site-packages (from dbt-core>=1.8.0rc1->dbt-postgres) (1.4.2)
[2026-02-05T05:43:43.265+0000] {subprocess.py:93} INFO - Requirement already satisfied: dbt-extractor<=0.6,>=0.5.0 in /tmp/dbt_env/lib/python3.12/site-packages (from dbt-core>=1.8.0rc1->dbt-postgres) (0.6.0)
[2026-02-05T05:43:43.266+0000] {subprocess.py:93} INFO - Requirement already satisfied: dbt-semantic-interfaces<0.10,>=0.9.0 in /tmp/dbt_env/lib/python3.12/site-packages (from dbt-core>=1.8.0rc1->dbt-postgres) (0.9.0)
[2026-02-05T05:43:43.268+0000] {subprocess.py:93} INFO - Requirement already satisfied: networkx<4.0,>=2.3 in /tmp/dbt_env/lib/python3.12/site-packages (from dbt-core>=1.8.0rc1->dbt-postgres) (3.6.1)
[2026-02-05T05:43:43.269+0000] {subprocess.py:93} INFO - Requirement already satisfied: packaging>20.9 in /tmp/dbt_env/lib/python3.12/site-packages (from dbt-core>=1.8.0rc1->dbt-postgres) (26.0)
[2026-02-05T05:43:43.270+0000] {subprocess.py:93} INFO - Requirement already satisfied: pydantic<3 in /tmp/dbt_env/lib/python3.12/site-packages (from dbt-core>=1.8.0rc1->dbt-postgres) (2.12.5)
[2026-02-05T05:43:43.271+0000] {subprocess.py:93} INFO - Requirement already satisfied: pyyaml>=6.0 in /tmp/dbt_env/lib/python3.12/site-packages (from dbt-core>=1.8.0rc1->dbt-postgres) (6.0.3)
[2026-02-05T05:43:43.272+0000] {subprocess.py:93} INFO - Requirement already satisfied: snowplow-tracker<2.0,>=1.0.2 in /tmp/dbt_env/lib/python3.12/site-packages (from dbt-core>=1.8.0rc1->dbt-postgres) (1.1.0)
[2026-02-05T05:43:43.273+0000] {subprocess.py:93} INFO - Requirement already satisfied: sqlparse<0.5.5,>=0.5.0 in /tmp/dbt_env/lib/python3.12/site-packages (from dbt-core>=1.8.0rc1->dbt-postgres) (0.5.4)
[2026-02-05T05:43:43.288+0000] {subprocess.py:93} INFO - Requirement already satisfied: importlib-metadata<9,>=6.0 in /tmp/dbt_env/lib/python3.12/site-packages (from dbt-semantic-interfaces<0.10,>=0.9.0->dbt-core>=1.8.0rc1->dbt-postgres) (8.7.1)
[2026-02-05T05:43:43.289+0000] {subprocess.py:93} INFO - Requirement already satisfied: more-itertools<11.0,>=8.0 in /tmp/dbt_env/lib/python3.12/site-packages (from dbt-semantic-interfaces<0.10,>=0.9.0->dbt-core>=1.8.0rc1->dbt-postgres) (10.8.0)
[2026-02-05T05:43:43.296+0000] {subprocess.py:93} INFO - Requirement already satisfied: orderly-set<6,>=5.4.1 in /tmp/dbt_env/lib/python3.12/site-packages (from deepdiff<9.0,>=7.0->dbt-common<2.0,>=1.0.4->dbt-postgres) (5.5.0)
[2026-02-05T05:43:43.300+0000] {subprocess.py:93} INFO - Requirement already satisfied: MarkupSafe>=2.0 in /tmp/dbt_env/lib/python3.12/site-packages (from jinja2<4,>=3.1.3->dbt-common<2.0,>=1.0.4->dbt-postgres) (3.0.3)
[2026-02-05T05:43:43.305+0000] {subprocess.py:93} INFO - Requirement already satisfied: attrs>=22.2.0 in /tmp/dbt_env/lib/python3.12/site-packages (from jsonschema<5.0,>=4.0->dbt-common<2.0,>=1.0.4->dbt-postgres) (25.4.0)
[2026-02-05T05:43:43.306+0000] {subprocess.py:93} INFO - Requirement already satisfied: jsonschema-specifications>=2023.03.6 in /tmp/dbt_env/lib/python3.12/site-packages (from jsonschema<5.0,>=4.0->dbt-common<2.0,>=1.0.4->dbt-postgres) (2025.9.1)
[2026-02-05T05:43:43.306+0000] {subprocess.py:93} INFO - Requirement already satisfied: referencing>=0.28.4 in /tmp/dbt_env/lib/python3.12/site-packages (from jsonschema<5.0,>=4.0->dbt-common<2.0,>=1.0.4->dbt-postgres) (0.37.0)
[2026-02-05T05:43:43.307+0000] {subprocess.py:93} INFO - Requirement already satisfied: rpds-py>=0.25.0 in /tmp/dbt_env/lib/python3.12/site-packages (from jsonschema<5.0,>=4.0->dbt-common<2.0,>=1.0.4->dbt-postgres) (0.30.0)
[2026-02-05T05:43:43.320+0000] {subprocess.py:93} INFO - Requirement already satisfied: msgpack>=0.5.6 in /tmp/dbt_env/lib/python3.12/site-packages (from mashumaro[msgpack]<3.15,>=3.9->dbt-adapters<2.0,>=1.19.0->dbt-postgres) (1.1.2)
[2026-02-05T05:43:43.342+0000] {subprocess.py:93} INFO - Requirement already satisfied: annotated-types>=0.6.0 in /tmp/dbt_env/lib/python3.12/site-packages (from pydantic<3->dbt-core>=1.8.0rc1->dbt-postgres) (0.7.0)
[2026-02-05T05:43:43.343+0000] {subprocess.py:93} INFO - Requirement already satisfied: pydantic-core==2.41.5 in /tmp/dbt_env/lib/python3.12/site-packages (from pydantic<3->dbt-core>=1.8.0rc1->dbt-postgres) (2.41.5)
[2026-02-05T05:43:43.345+0000] {subprocess.py:93} INFO - Requirement already satisfied: typing-inspection>=0.4.2 in /tmp/dbt_env/lib/python3.12/site-packages (from pydantic<3->dbt-core>=1.8.0rc1->dbt-postgres) (0.4.2)
[2026-02-05T05:43:43.352+0000] {subprocess.py:93} INFO - Requirement already satisfied: six>=1.5 in /tmp/dbt_env/lib/python3.12/site-packages (from python-dateutil<3.0,>=2.0->dbt-common<2.0,>=1.0.4->dbt-postgres) (1.17.0)
[2026-02-05T05:43:43.361+0000] {subprocess.py:93} INFO - Requirement already satisfied: text-unidecode>=1.3 in /tmp/dbt_env/lib/python3.12/site-packages (from python-slugify>=1.2.1->agate<2.0,>=1.0->dbt-postgres) (1.3)
[2026-02-05T05:43:43.384+0000] {subprocess.py:93} INFO - Requirement already satisfied: charset_normalizer<4,>=2 in /tmp/dbt_env/lib/python3.12/site-packages (from requests<3.0.0->dbt-common<2.0,>=1.0.4->dbt-postgres) (3.4.4)
[2026-02-05T05:43:43.385+0000] {subprocess.py:93} INFO - Requirement already satisfied: idna<4,>=2.5 in /tmp/dbt_env/lib/python3.12/site-packages (from requests<3.0.0->dbt-common<2.0,>=1.0.4->dbt-postgres) (3.11)
[2026-02-05T05:43:43.386+0000] {subprocess.py:93} INFO - Requirement already satisfied: urllib3<3,>=1.21.1 in /tmp/dbt_env/lib/python3.12/site-packages (from requests<3.0.0->dbt-common<2.0,>=1.0.4->dbt-postgres) (2.6.3)
[2026-02-05T05:43:43.387+0000] {subprocess.py:93} INFO - Requirement already satisfied: certifi>=2017.4.17 in /tmp/dbt_env/lib/python3.12/site-packages (from requests<3.0.0->dbt-common<2.0,>=1.0.4->dbt-postgres) (2026.1.4)
[2026-02-05T05:43:43.416+0000] {subprocess.py:93} INFO - Requirement already satisfied: zipp>=3.20 in /tmp/dbt_env/lib/python3.12/site-packages (from importlib-metadata<9,>=6.0->dbt-semantic-interfaces<0.10,>=0.9.0->dbt-core>=1.8.0rc1->dbt-postgres) (3.23.0)
[2026-02-05T05:43:43.530+0000] {subprocess.py:93} INFO - 
[2026-02-05T05:43:43.531+0000] {subprocess.py:93} INFO - [notice] A new release of pip is available: 24.2 -> 26.0.1
[2026-02-05T05:43:43.531+0000] {subprocess.py:93} INFO - [notice] To update, run: pip install --upgrade pip
[2026-02-05T05:43:46.682+0000] {subprocess.py:93} INFO - [0m05:43:46  Running with dbt=1.11.2
[2026-02-05T05:43:46.691+0000] {subprocess.py:93} INFO - [0m05:43:46  Encountered an error:
[2026-02-05T05:43:46.692+0000] {subprocess.py:93} INFO - Runtime Error
[2026-02-05T05:43:46.692+0000] {subprocess.py:93} INFO -   Could not find profile named 'crypto_analytics'
[2026-02-05T05:43:48.266+0000] {subprocess.py:97} INFO - Command exited with return code 2
[2026-02-05T05:43:48.285+0000] {taskinstance.py:3310} ERROR - Task failed with exception
Traceback (most recent call last):
  File "/home/airflow/.local/lib/python3.12/site-packages/airflow/models/taskinstance.py", line 767, in _execute_task
    result = _execute_callable(context=context, **execute_callable_kwargs)
             ^^^^^^^^^^^^^^^^^^^^^^^^^^^^^^^^^^^^^^^^^^^^^^^^^^^^^^^^^^^^^
  File "/home/airflow/.local/lib/python3.12/site-packages/airflow/models/taskinstance.py", line 733, in _execute_callable
    return ExecutionCallableRunner(
           ^^^^^^^^^^^^^^^^^^^^^^^^
  File "/home/airflow/.local/lib/python3.12/site-packages/airflow/utils/operator_helpers.py", line 252, in run
    return self.func(*args, **kwargs)
           ^^^^^^^^^^^^^^^^^^^^^^^^^^
  File "/home/airflow/.local/lib/python3.12/site-packages/airflow/models/baseoperator.py", line 406, in wrapper
    return func(self, *args, **kwargs)
           ^^^^^^^^^^^^^^^^^^^^^^^^^^^
  File "/home/airflow/.local/lib/python3.12/site-packages/airflow/operators/bash.py", line 249, in execute
    raise AirflowException(
airflow.exceptions.AirflowException: Bash command failed. The command returned a non-zero exit code 2.
[2026-02-05T05:43:48.291+0000] {taskinstance.py:1225} INFO - Marking task as FAILED. dag_id=crypto_etl_pipeline, task_id=dbt_transform, run_id=scheduled__2026-02-05T04:00:00+00:00, execution_date=20260205T040000, start_date=20260205T054338, end_date=20260205T054348
[2026-02-05T05:43:48.310+0000] {taskinstance.py:340} INFO - ::group::Post task execution logs
[2026-02-05T05:43:48.311+0000] {standard_task_runner.py:124} ERROR - Failed to execute job 6 for task dbt_transform (Bash command failed. The command returned a non-zero exit code 2.; 417)
Traceback (most recent call last):
  File "/home/airflow/.local/lib/python3.12/site-packages/airflow/task/task_runner/standard_task_runner.py", line 117, in _start_by_fork
    ret = args.func(args, dag=self.dag)
          ^^^^^^^^^^^^^^^^^^^^^^^^^^^^^
  File "/home/airflow/.local/lib/python3.12/site-packages/airflow/cli/cli_config.py", line 49, in command
    return func(*args, **kwargs)
           ^^^^^^^^^^^^^^^^^^^^^
  File "/home/airflow/.local/lib/python3.12/site-packages/airflow/utils/cli.py", line 115, in wrapper
    return f(*args, **kwargs)
           ^^^^^^^^^^^^^^^^^^
  File "/home/airflow/.local/lib/python3.12/site-packages/airflow/cli/commands/task_command.py", line 483, in task_run
    task_return_code = _run_task_by_selected_method(args, _dag, ti)
                       ^^^^^^^^^^^^^^^^^^^^^^^^^^^^^^^^^^^^^^^^^^^^
  File "/home/airflow/.local/lib/python3.12/site-packages/airflow/cli/commands/task_command.py", line 256, in _run_task_by_selected_method
    return _run_raw_task(args, ti)
           ^^^^^^^^^^^^^^^^^^^^^^^
  File "/home/airflow/.local/lib/python3.12/site-packages/airflow/cli/commands/task_command.py", line 341, in _run_raw_task
    return ti._run_raw_task(
           ^^^^^^^^^^^^^^^^^
  File "/home/airflow/.local/lib/python3.12/site-packages/airflow/utils/session.py", line 97, in wrapper
    return func(*args, session=session, **kwargs)
           ^^^^^^^^^^^^^^^^^^^^^^^^^^^^^^^^^^^^^^
  File "/home/airflow/.local/lib/python3.12/site-packages/airflow/models/taskinstance.py", line 3004, in _run_raw_task
    return _run_raw_task(
           ^^^^^^^^^^^^^^
  File "/home/airflow/.local/lib/python3.12/site-packages/airflow/models/taskinstance.py", line 273, in _run_raw_task
    TaskInstance._execute_task_with_callbacks(
  File "/home/airflow/.local/lib/python3.12/site-packages/airflow/models/taskinstance.py", line 3158, in _execute_task_with_callbacks
    result = self._execute_task(context, task_orig)
             ^^^^^^^^^^^^^^^^^^^^^^^^^^^^^^^^^^^^^^
  File "/home/airflow/.local/lib/python3.12/site-packages/airflow/models/taskinstance.py", line 3182, in _execute_task
    return _execute_task(self, context, task_orig)
           ^^^^^^^^^^^^^^^^^^^^^^^^^^^^^^^^^^^^^^^
  File "/home/airflow/.local/lib/python3.12/site-packages/airflow/models/taskinstance.py", line 767, in _execute_task
    result = _execute_callable(context=context, **execute_callable_kwargs)
             ^^^^^^^^^^^^^^^^^^^^^^^^^^^^^^^^^^^^^^^^^^^^^^^^^^^^^^^^^^^^^
  File "/home/airflow/.local/lib/python3.12/site-packages/airflow/models/taskinstance.py", line 733, in _execute_callable
    return ExecutionCallableRunner(
           ^^^^^^^^^^^^^^^^^^^^^^^^
  File "/home/airflow/.local/lib/python3.12/site-packages/airflow/utils/operator_helpers.py", line 252, in run
    return self.func(*args, **kwargs)
           ^^^^^^^^^^^^^^^^^^^^^^^^^^
  File "/home/airflow/.local/lib/python3.12/site-packages/airflow/models/baseoperator.py", line 406, in wrapper
    return func(self, *args, **kwargs)
           ^^^^^^^^^^^^^^^^^^^^^^^^^^^
  File "/home/airflow/.local/lib/python3.12/site-packages/airflow/operators/bash.py", line 249, in execute
    raise AirflowException(
airflow.exceptions.AirflowException: Bash command failed. The command returned a non-zero exit code 2.
[2026-02-05T05:43:48.363+0000] {local_task_job_runner.py:266} INFO - Task exited with return code 1
[2026-02-05T05:43:48.400+0000] {taskinstance.py:3900} INFO - 0 downstream tasks scheduled from follow-on schedule check
[2026-02-05T05:43:48.403+0000] {local_task_job_runner.py:245} INFO - ::endgroup::
