[2026-02-05T05:20:52.230+0000] {local_task_job_runner.py:123} INFO - ::group::Pre task execution logs
[2026-02-05T05:20:52.252+0000] {taskinstance.py:2603} INFO - Dependencies all met for dep_context=non-requeueable deps ti=<TaskInstance: crypto_etl_pipeline.dbt_transform scheduled__2026-02-05T04:00:00+00:00 [queued]>
[2026-02-05T05:20:52.262+0000] {taskinstance.py:2603} INFO - Dependencies all met for dep_context=requeueable deps ti=<TaskInstance: crypto_etl_pipeline.dbt_transform scheduled__2026-02-05T04:00:00+00:00 [queued]>
[2026-02-05T05:20:52.263+0000] {taskinstance.py:2856} INFO - Starting attempt 2 of 2
[2026-02-05T05:20:52.280+0000] {taskinstance.py:2879} INFO - Executing <Task(BashOperator): dbt_transform> on 2026-02-05 04:00:00+00:00
[2026-02-05T05:20:52.291+0000] {logging_mixin.py:190} WARNING - /home/***/.local/lib/python3.12/site-packages/***/task/task_runner/standard_task_runner.py:70 DeprecationWarning: This process (pid=359) is multi-threaded, use of fork() may lead to deadlocks in the child.
[2026-02-05T05:20:52.289+0000] {standard_task_runner.py:104} INFO - Running: ['***', 'tasks', 'run', 'crypto_etl_pipeline', 'dbt_transform', 'scheduled__2026-02-05T04:00:00+00:00', '--job-id', '6', '--raw', '--subdir', 'DAGS_FOLDER/crypto_pipeline.py', '--cfg-path', '/tmp/tmpbb_7zcgy']
[2026-02-05T05:20:52.293+0000] {standard_task_runner.py:105} INFO - Job 6: Subtask dbt_transform
[2026-02-05T05:20:52.293+0000] {standard_task_runner.py:72} INFO - Started process 361 to run task
[2026-02-05T05:20:52.315+0000] {logging_mixin.py:190} WARNING - /home/***/.local/lib/python3.12/site-packages/***/settings.py:209 DeprecationWarning: The sql_alchemy_conn option in [core] has been moved to the sql_alchemy_conn option in [database] - the old setting has been used, but please update your config.
[2026-02-05T05:20:52.387+0000] {task_command.py:467} INFO - Running <TaskInstance: crypto_etl_pipeline.dbt_transform scheduled__2026-02-05T04:00:00+00:00 [running]> on host 18b96e710945
[2026-02-05T05:20:52.390+0000] {logging_mixin.py:190} WARNING - /home/***/.local/lib/python3.12/site-packages/***/settings.py:449 DeprecationWarning: The sql_alchemy_conn option in [core] has been moved to the sql_alchemy_conn option in [database] - the old setting has been used, but please update your config.
[2026-02-05T05:20:52.519+0000] {taskinstance.py:3122} INFO - Exporting env vars: AIRFLOW_CTX_DAG_OWNER='***' AIRFLOW_CTX_DAG_ID='crypto_etl_pipeline' AIRFLOW_CTX_TASK_ID='dbt_transform' AIRFLOW_CTX_EXECUTION_DATE='2026-02-05T04:00:00+00:00' AIRFLOW_CTX_TRY_NUMBER='2' AIRFLOW_CTX_DAG_RUN_ID='scheduled__2026-02-05T04:00:00+00:00'
[2026-02-05T05:20:52.522+0000] {taskinstance.py:731} INFO - ::endgroup::
[2026-02-05T05:20:52.557+0000] {subprocess.py:63} INFO - Tmp dir root location: /tmp
[2026-02-05T05:20:52.561+0000] {subprocess.py:75} INFO - Running command: ['/usr/bin/bash', '-c', 'cd /opt/***/dbt && /home/***/.local/bin/dbt run']
[2026-02-05T05:20:52.578+0000] {subprocess.py:86} INFO - Output:
[2026-02-05T05:20:52.581+0000] {subprocess.py:93} INFO - /usr/bin/bash: line 1: /home/***/.local/bin/dbt: No such file or directory
[2026-02-05T05:20:52.582+0000] {subprocess.py:97} INFO - Command exited with return code 127
[2026-02-05T05:20:52.597+0000] {taskinstance.py:3301} ERROR - Task failed with exception
Traceback (most recent call last):
  File "/home/airflow/.local/lib/python3.12/site-packages/airflow/models/taskinstance.py", line 767, in _execute_task
    result = _execute_callable(context=context, **execute_callable_kwargs)
             ^^^^^^^^^^^^^^^^^^^^^^^^^^^^^^^^^^^^^^^^^^^^^^^^^^^^^^^^^^^^^
  File "/home/airflow/.local/lib/python3.12/site-packages/airflow/models/taskinstance.py", line 733, in _execute_callable
    return ExecutionCallableRunner(
           ^^^^^^^^^^^^^^^^^^^^^^^^
  File "/home/airflow/.local/lib/python3.12/site-packages/airflow/utils/operator_helpers.py", line 252, in run
    return self.func(*args, **kwargs)
           ^^^^^^^^^^^^^^^^^^^^^^^^^^
  File "/home/airflow/.local/lib/python3.12/site-packages/airflow/models/baseoperator.py", line 406, in wrapper
    return func(self, *args, **kwargs)
           ^^^^^^^^^^^^^^^^^^^^^^^^^^^
  File "/home/airflow/.local/lib/python3.12/site-packages/airflow/operators/bash.py", line 249, in execute
    raise AirflowException(
airflow.exceptions.AirflowException: Bash command failed. The command returned a non-zero exit code 127.
[2026-02-05T05:20:52.628+0000] {taskinstance.py:1225} INFO - Marking task as FAILED. dag_id=crypto_etl_pipeline, task_id=dbt_transform, run_id=scheduled__2026-02-05T04:00:00+00:00, execution_date=20260205T040000, start_date=20260205T052052, end_date=20260205T052052
[2026-02-05T05:20:52.652+0000] {taskinstance.py:340} INFO - ::group::Post task execution logs
[2026-02-05T05:20:52.653+0000] {standard_task_runner.py:124} ERROR - Failed to execute job 6 for task dbt_transform (Bash command failed. The command returned a non-zero exit code 127.; 361)
Traceback (most recent call last):
  File "/home/airflow/.local/lib/python3.12/site-packages/airflow/task/task_runner/standard_task_runner.py", line 117, in _start_by_fork
    ret = args.func(args, dag=self.dag)
          ^^^^^^^^^^^^^^^^^^^^^^^^^^^^^
  File "/home/airflow/.local/lib/python3.12/site-packages/airflow/cli/cli_config.py", line 49, in command
    return func(*args, **kwargs)
           ^^^^^^^^^^^^^^^^^^^^^
  File "/home/airflow/.local/lib/python3.12/site-packages/airflow/utils/cli.py", line 115, in wrapper
    return f(*args, **kwargs)
           ^^^^^^^^^^^^^^^^^^
  File "/home/airflow/.local/lib/python3.12/site-packages/airflow/cli/commands/task_command.py", line 483, in task_run
    task_return_code = _run_task_by_selected_method(args, _dag, ti)
                       ^^^^^^^^^^^^^^^^^^^^^^^^^^^^^^^^^^^^^^^^^^^^
  File "/home/airflow/.local/lib/python3.12/site-packages/airflow/cli/commands/task_command.py", line 256, in _run_task_by_selected_method
    return _run_raw_task(args, ti)
           ^^^^^^^^^^^^^^^^^^^^^^^
  File "/home/airflow/.local/lib/python3.12/site-packages/airflow/cli/commands/task_command.py", line 341, in _run_raw_task
    return ti._run_raw_task(
           ^^^^^^^^^^^^^^^^^
  File "/home/airflow/.local/lib/python3.12/site-packages/airflow/utils/session.py", line 97, in wrapper
    return func(*args, session=session, **kwargs)
           ^^^^^^^^^^^^^^^^^^^^^^^^^^^^^^^^^^^^^^
  File "/home/airflow/.local/lib/python3.12/site-packages/airflow/models/taskinstance.py", line 2995, in _run_raw_task
    return _run_raw_task(
           ^^^^^^^^^^^^^^
  File "/home/airflow/.local/lib/python3.12/site-packages/airflow/models/taskinstance.py", line 273, in _run_raw_task
    TaskInstance._execute_task_with_callbacks(
  File "/home/airflow/.local/lib/python3.12/site-packages/airflow/models/taskinstance.py", line 3149, in _execute_task_with_callbacks
    result = self._execute_task(context, task_orig)
             ^^^^^^^^^^^^^^^^^^^^^^^^^^^^^^^^^^^^^^
  File "/home/airflow/.local/lib/python3.12/site-packages/airflow/models/taskinstance.py", line 3173, in _execute_task
    return _execute_task(self, context, task_orig)
           ^^^^^^^^^^^^^^^^^^^^^^^^^^^^^^^^^^^^^^^
  File "/home/airflow/.local/lib/python3.12/site-packages/airflow/models/taskinstance.py", line 767, in _execute_task
    result = _execute_callable(context=context, **execute_callable_kwargs)
             ^^^^^^^^^^^^^^^^^^^^^^^^^^^^^^^^^^^^^^^^^^^^^^^^^^^^^^^^^^^^^
  File "/home/airflow/.local/lib/python3.12/site-packages/airflow/models/taskinstance.py", line 733, in _execute_callable
    return ExecutionCallableRunner(
           ^^^^^^^^^^^^^^^^^^^^^^^^
  File "/home/airflow/.local/lib/python3.12/site-packages/airflow/utils/operator_helpers.py", line 252, in run
    return self.func(*args, **kwargs)
           ^^^^^^^^^^^^^^^^^^^^^^^^^^
  File "/home/airflow/.local/lib/python3.12/site-packages/airflow/models/baseoperator.py", line 406, in wrapper
    return func(self, *args, **kwargs)
           ^^^^^^^^^^^^^^^^^^^^^^^^^^^
  File "/home/airflow/.local/lib/python3.12/site-packages/airflow/operators/bash.py", line 249, in execute
    raise AirflowException(
airflow.exceptions.AirflowException: Bash command failed. The command returned a non-zero exit code 127.
[2026-02-05T05:20:52.671+0000] {local_task_job_runner.py:261} INFO - Task exited with return code 1
[2026-02-05T05:20:52.692+0000] {taskinstance.py:3891} INFO - 0 downstream tasks scheduled from follow-on schedule check
[2026-02-05T05:20:52.695+0000] {local_task_job_runner.py:240} INFO - ::endgroup::
[2026-02-05T05:40:19.282+0000] {local_task_job_runner.py:123} INFO - ::group::Pre task execution logs
[2026-02-05T05:40:19.296+0000] {taskinstance.py:2612} INFO - Dependencies all met for dep_context=non-requeueable deps ti=<TaskInstance: crypto_etl_pipeline.dbt_transform scheduled__2026-02-05T04:00:00+00:00 [queued]>
[2026-02-05T05:40:19.303+0000] {taskinstance.py:2612} INFO - Dependencies all met for dep_context=requeueable deps ti=<TaskInstance: crypto_etl_pipeline.dbt_transform scheduled__2026-02-05T04:00:00+00:00 [queued]>
[2026-02-05T05:40:19.304+0000] {taskinstance.py:2865} INFO - Starting attempt 2 of 2
[2026-02-05T05:40:19.316+0000] {taskinstance.py:2888} INFO - Executing <Task(BashOperator): dbt_transform> on 2026-02-05 04:00:00+00:00
[2026-02-05T05:40:19.325+0000] {logging_mixin.py:190} WARNING - /home/***/.local/lib/python3.12/site-packages/***/task/task_runner/standard_task_runner.py:70 DeprecationWarning: This process (pid=319) is multi-threaded, use of fork() may lead to deadlocks in the child.
[2026-02-05T05:40:19.324+0000] {standard_task_runner.py:104} INFO - Running: ['***', 'tasks', 'run', 'crypto_etl_pipeline', 'dbt_transform', 'scheduled__2026-02-05T04:00:00+00:00', '--job-id', '5', '--raw', '--subdir', 'DAGS_FOLDER/crypto_pipeline.py', '--cfg-path', '/tmp/tmp0erhj7tu']
[2026-02-05T05:40:19.327+0000] {standard_task_runner.py:72} INFO - Started process 321 to run task
[2026-02-05T05:40:19.327+0000] {standard_task_runner.py:105} INFO - Job 5: Subtask dbt_transform
[2026-02-05T05:40:19.342+0000] {logging_mixin.py:190} WARNING - /home/***/.local/lib/python3.12/site-packages/***/settings.py:209 DeprecationWarning: The sql_alchemy_conn option in [core] has been moved to the sql_alchemy_conn option in [database] - the old setting has been used, but please update your config.
[2026-02-05T05:40:19.380+0000] {task_command.py:467} INFO - Running <TaskInstance: crypto_etl_pipeline.dbt_transform scheduled__2026-02-05T04:00:00+00:00 [running]> on host 9e5d710f3666
[2026-02-05T05:40:19.381+0000] {logging_mixin.py:190} WARNING - /home/***/.local/lib/python3.12/site-packages/***/settings.py:470 DeprecationWarning: The sql_alchemy_conn option in [core] has been moved to the sql_alchemy_conn option in [database] - the old setting has been used, but please update your config.
[2026-02-05T05:40:19.467+0000] {taskinstance.py:3131} INFO - Exporting env vars: AIRFLOW_CTX_DAG_OWNER='***' AIRFLOW_CTX_DAG_ID='crypto_etl_pipeline' AIRFLOW_CTX_TASK_ID='dbt_transform' AIRFLOW_CTX_EXECUTION_DATE='2026-02-05T04:00:00+00:00' AIRFLOW_CTX_TRY_NUMBER='2' AIRFLOW_CTX_DAG_RUN_ID='scheduled__2026-02-05T04:00:00+00:00'
[2026-02-05T05:40:19.469+0000] {taskinstance.py:731} INFO - ::endgroup::
[2026-02-05T05:40:19.491+0000] {subprocess.py:63} INFO - Tmp dir root location: /tmp
[2026-02-05T05:40:19.510+0000] {subprocess.py:75} INFO - Running command: ['/usr/bin/bash', '-c', 'python -m venv /tmp/dbt_env && source /tmp/dbt_env/bin/activate && pip install dbt-postgres && cd /opt/***/dbt && dbt run']
[2026-02-05T05:40:19.526+0000] {subprocess.py:86} INFO - Output:
[2026-02-05T05:40:25.826+0000] {subprocess.py:93} INFO - Collecting dbt-postgres
[2026-02-05T05:40:25.914+0000] {subprocess.py:93} INFO -   Downloading dbt_postgres-1.10.0-py3-none-any.whl.metadata (3.9 kB)
[2026-02-05T05:40:25.956+0000] {subprocess.py:93} INFO - Collecting agate<2.0,>=1.0 (from dbt-postgres)
[2026-02-05T05:40:25.966+0000] {subprocess.py:93} INFO -   Downloading agate-1.14.1-py3-none-any.whl.metadata (3.1 kB)
[2026-02-05T05:40:26.061+0000] {subprocess.py:93} INFO - Collecting dbt-adapters<2.0,>=1.19.0 (from dbt-postgres)
[2026-02-05T05:40:26.071+0000] {subprocess.py:93} INFO -   Downloading dbt_adapters-1.22.5-py3-none-any.whl.metadata (4.5 kB)
[2026-02-05T05:40:26.124+0000] {subprocess.py:93} INFO - Collecting dbt-common<2.0,>=1.0.4 (from dbt-postgres)
[2026-02-05T05:40:26.134+0000] {subprocess.py:93} INFO -   Downloading dbt_common-1.37.2-py3-none-any.whl.metadata (4.9 kB)
[2026-02-05T05:40:26.328+0000] {subprocess.py:93} INFO - Collecting dbt-core>=1.8.0rc1 (from dbt-postgres)
[2026-02-05T05:40:26.337+0000] {subprocess.py:93} INFO -   Downloading dbt_core-1.11.2-py3-none-any.whl.metadata (4.4 kB)
[2026-02-05T05:40:26.536+0000] {subprocess.py:93} INFO - Collecting psycopg2-binary<3.0,>=2.9 (from dbt-postgres)
[2026-02-05T05:40:26.547+0000] {subprocess.py:93} INFO -   Downloading psycopg2_binary-2.9.11-cp312-cp312-manylinux2014_x86_64.manylinux_2_17_x86_64.whl.metadata (4.9 kB)
[2026-02-05T05:40:26.599+0000] {subprocess.py:93} INFO - Collecting Babel>=2.0 (from agate<2.0,>=1.0->dbt-postgres)
[2026-02-05T05:40:26.610+0000] {subprocess.py:93} INFO -   Downloading babel-2.18.0-py3-none-any.whl.metadata (2.2 kB)
[2026-02-05T05:40:26.663+0000] {subprocess.py:93} INFO - Collecting isodate>=0.5.4 (from agate<2.0,>=1.0->dbt-postgres)
[2026-02-05T05:40:26.677+0000] {subprocess.py:93} INFO -   Downloading isodate-0.7.2-py3-none-any.whl.metadata (11 kB)
[2026-02-05T05:40:26.719+0000] {subprocess.py:93} INFO - Collecting leather>=0.3.2 (from agate<2.0,>=1.0->dbt-postgres)
[2026-02-05T05:40:26.730+0000] {subprocess.py:93} INFO -   Downloading leather-0.4.1-py3-none-any.whl.metadata (3.0 kB)
[2026-02-05T05:40:26.796+0000] {subprocess.py:93} INFO - Collecting parsedatetime!=2.5,>=2.1 (from agate<2.0,>=1.0->dbt-postgres)
[2026-02-05T05:40:26.808+0000] {subprocess.py:93} INFO -   Downloading parsedatetime-2.6-py3-none-any.whl.metadata (4.7 kB)
[2026-02-05T05:40:26.862+0000] {subprocess.py:93} INFO - Collecting python-slugify>=1.2.1 (from agate<2.0,>=1.0->dbt-postgres)
[2026-02-05T05:40:26.873+0000] {subprocess.py:93} INFO -   Downloading python_slugify-8.0.4-py2.py3-none-any.whl.metadata (8.5 kB)
[2026-02-05T05:40:26.904+0000] {subprocess.py:93} INFO - Collecting pytimeparse>=1.1.5 (from agate<2.0,>=1.0->dbt-postgres)
[2026-02-05T05:40:26.913+0000] {subprocess.py:93} INFO -   Downloading pytimeparse-1.1.8-py2.py3-none-any.whl.metadata (3.4 kB)
[2026-02-05T05:40:26.961+0000] {subprocess.py:93} INFO - Collecting dbt-protos<2.0,>=1.0.291 (from dbt-adapters<2.0,>=1.19.0->dbt-postgres)
[2026-02-05T05:40:26.970+0000] {subprocess.py:93} INFO -   Downloading dbt_protos-1.0.427-py3-none-any.whl.metadata (859 bytes)
[2026-02-05T05:40:27.041+0000] {subprocess.py:93} INFO - Collecting mashumaro<3.15,>=3.9 (from mashumaro[msgpack]<3.15,>=3.9->dbt-adapters<2.0,>=1.19.0->dbt-postgres)
[2026-02-05T05:40:27.050+0000] {subprocess.py:93} INFO -   Downloading mashumaro-3.14-py3-none-any.whl.metadata (114 kB)
[2026-02-05T05:40:27.417+0000] {subprocess.py:93} INFO - Collecting protobuf<7.0,>=6.0 (from dbt-adapters<2.0,>=1.19.0->dbt-postgres)
[2026-02-05T05:40:27.430+0000] {subprocess.py:93} INFO -   Downloading protobuf-6.33.5-cp39-abi3-manylinux2014_x86_64.whl.metadata (593 bytes)
[2026-02-05T05:40:27.589+0000] {subprocess.py:93} INFO - Collecting pytz>=2015.7 (from dbt-adapters<2.0,>=1.19.0->dbt-postgres)
[2026-02-05T05:40:27.599+0000] {subprocess.py:93} INFO -   Downloading pytz-2025.2-py2.py3-none-any.whl.metadata (22 kB)
[2026-02-05T05:40:27.671+0000] {subprocess.py:93} INFO - Collecting typing-extensions<5.0,>=4.0 (from dbt-adapters<2.0,>=1.19.0->dbt-postgres)
[2026-02-05T05:40:27.686+0000] {subprocess.py:93} INFO -   Downloading typing_extensions-4.15.0-py3-none-any.whl.metadata (3.3 kB)
[2026-02-05T05:40:27.705+0000] {subprocess.py:93} INFO - Collecting agate<2.0,>=1.0 (from dbt-postgres)
[2026-02-05T05:40:27.717+0000] {subprocess.py:93} INFO -   Downloading agate-1.9.1-py2.py3-none-any.whl.metadata (3.2 kB)
[2026-02-05T05:40:27.786+0000] {subprocess.py:93} INFO - Collecting colorama<0.5,>=0.3.9 (from dbt-common<2.0,>=1.0.4->dbt-postgres)
[2026-02-05T05:40:27.802+0000] {subprocess.py:93} INFO -   Downloading colorama-0.4.6-py2.py3-none-any.whl.metadata (17 kB)
[2026-02-05T05:40:27.897+0000] {subprocess.py:93} INFO - Collecting deepdiff<9.0,>=7.0 (from dbt-common<2.0,>=1.0.4->dbt-postgres)
[2026-02-05T05:40:27.912+0000] {subprocess.py:93} INFO -   Downloading deepdiff-8.6.1-py3-none-any.whl.metadata (8.6 kB)
[2026-02-05T05:40:27.981+0000] {subprocess.py:93} INFO - Collecting jinja2<4,>=3.1.3 (from dbt-common<2.0,>=1.0.4->dbt-postgres)
[2026-02-05T05:40:27.992+0000] {subprocess.py:93} INFO -   Downloading jinja2-3.1.6-py3-none-any.whl.metadata (2.9 kB)
[2026-02-05T05:40:28.094+0000] {subprocess.py:93} INFO - Collecting jsonschema<5.0,>=4.0 (from dbt-common<2.0,>=1.0.4->dbt-postgres)
[2026-02-05T05:40:28.103+0000] {subprocess.py:93} INFO -   Downloading jsonschema-4.26.0-py3-none-any.whl.metadata (7.6 kB)
[2026-02-05T05:40:28.154+0000] {subprocess.py:93} INFO - Collecting pathspec<0.13,>=0.9 (from dbt-common<2.0,>=1.0.4->dbt-postgres)
[2026-02-05T05:40:28.164+0000] {subprocess.py:93} INFO -   Downloading pathspec-0.12.1-py3-none-any.whl.metadata (21 kB)
[2026-02-05T05:40:28.212+0000] {subprocess.py:93} INFO - Collecting python-dateutil<3.0,>=2.0 (from dbt-common<2.0,>=1.0.4->dbt-postgres)
[2026-02-05T05:40:28.223+0000] {subprocess.py:93} INFO -   Downloading python_dateutil-2.9.0.post0-py2.py3-none-any.whl.metadata (8.4 kB)
[2026-02-05T05:40:28.311+0000] {subprocess.py:93} INFO - Collecting requests<3.0.0 (from dbt-common<2.0,>=1.0.4->dbt-postgres)
[2026-02-05T05:40:28.320+0000] {subprocess.py:93} INFO -   Downloading requests-2.32.5-py3-none-any.whl.metadata (4.9 kB)
[2026-02-05T05:40:28.382+0000] {subprocess.py:93} INFO - Collecting click<9.0,>=8.2.0 (from dbt-core>=1.8.0rc1->dbt-postgres)
[2026-02-05T05:40:28.391+0000] {subprocess.py:93} INFO -   Downloading click-8.3.1-py3-none-any.whl.metadata (2.6 kB)
[2026-02-05T05:40:28.431+0000] {subprocess.py:93} INFO - Collecting daff>=1.3.46 (from dbt-core>=1.8.0rc1->dbt-postgres)
[2026-02-05T05:40:28.444+0000] {subprocess.py:93} INFO -   Downloading daff-1.4.2-py3-none-any.whl.metadata (10 kB)
[2026-02-05T05:40:28.554+0000] {subprocess.py:93} INFO - Collecting dbt-extractor<=0.6,>=0.5.0 (from dbt-core>=1.8.0rc1->dbt-postgres)
[2026-02-05T05:40:28.570+0000] {subprocess.py:93} INFO -   Downloading dbt_extractor-0.6.0-cp39-abi3-manylinux_2_17_x86_64.manylinux2014_x86_64.whl.metadata (4.6 kB)
[2026-02-05T05:40:28.638+0000] {subprocess.py:93} INFO - Collecting dbt-semantic-interfaces<0.10,>=0.9.0 (from dbt-core>=1.8.0rc1->dbt-postgres)
[2026-02-05T05:40:28.649+0000] {subprocess.py:93} INFO -   Downloading dbt_semantic_interfaces-0.9.0-py3-none-any.whl.metadata (2.6 kB)
[2026-02-05T05:40:28.724+0000] {subprocess.py:93} INFO - Collecting networkx<4.0,>=2.3 (from dbt-core>=1.8.0rc1->dbt-postgres)
[2026-02-05T05:40:28.733+0000] {subprocess.py:93} INFO -   Downloading networkx-3.6.1-py3-none-any.whl.metadata (6.8 kB)
[2026-02-05T05:40:28.815+0000] {subprocess.py:93} INFO - Collecting packaging>20.9 (from dbt-core>=1.8.0rc1->dbt-postgres)
[2026-02-05T05:40:28.825+0000] {subprocess.py:93} INFO -   Downloading packaging-26.0-py3-none-any.whl.metadata (3.3 kB)
[2026-02-05T05:40:29.136+0000] {subprocess.py:93} INFO - Collecting pydantic<3 (from dbt-core>=1.8.0rc1->dbt-postgres)
[2026-02-05T05:40:29.153+0000] {subprocess.py:93} INFO -   Downloading pydantic-2.12.5-py3-none-any.whl.metadata (90 kB)
[2026-02-05T05:40:29.251+0000] {subprocess.py:93} INFO - Collecting pyyaml>=6.0 (from dbt-core>=1.8.0rc1->dbt-postgres)
[2026-02-05T05:40:29.260+0000] {subprocess.py:93} INFO -   Downloading pyyaml-6.0.3-cp312-cp312-manylinux2014_x86_64.manylinux_2_17_x86_64.manylinux_2_28_x86_64.whl.metadata (2.4 kB)
[2026-02-05T05:40:29.312+0000] {subprocess.py:93} INFO - Collecting snowplow-tracker<2.0,>=1.0.2 (from dbt-core>=1.8.0rc1->dbt-postgres)
[2026-02-05T05:40:29.321+0000] {subprocess.py:93} INFO -   Downloading snowplow_tracker-1.1.0-py3-none-any.whl.metadata (5.7 kB)
[2026-02-05T05:40:29.355+0000] {subprocess.py:93} INFO - Collecting sqlparse<0.5.5,>=0.5.0 (from dbt-core>=1.8.0rc1->dbt-postgres)
[2026-02-05T05:40:29.365+0000] {subprocess.py:93} INFO -   Downloading sqlparse-0.5.4-py3-none-any.whl.metadata (4.7 kB)
[2026-02-05T05:40:29.655+0000] {subprocess.py:93} INFO - Collecting importlib-metadata<9,>=6.0 (from dbt-semantic-interfaces<0.10,>=0.9.0->dbt-core>=1.8.0rc1->dbt-postgres)
[2026-02-05T05:40:29.664+0000] {subprocess.py:93} INFO -   Downloading importlib_metadata-8.7.1-py3-none-any.whl.metadata (4.7 kB)
[2026-02-05T05:40:29.825+0000] {subprocess.py:93} INFO - Collecting more-itertools<11.0,>=8.0 (from dbt-semantic-interfaces<0.10,>=0.9.0->dbt-core>=1.8.0rc1->dbt-postgres)
[2026-02-05T05:40:29.836+0000] {subprocess.py:93} INFO -   Downloading more_itertools-10.8.0-py3-none-any.whl.metadata (39 kB)
[2026-02-05T05:40:29.893+0000] {subprocess.py:93} INFO - Collecting orderly-set<6,>=5.4.1 (from deepdiff<9.0,>=7.0->dbt-common<2.0,>=1.0.4->dbt-postgres)
[2026-02-05T05:40:29.902+0000] {subprocess.py:93} INFO -   Downloading orderly_set-5.5.0-py3-none-any.whl.metadata (6.6 kB)
[2026-02-05T05:40:30.125+0000] {subprocess.py:93} INFO - Collecting MarkupSafe>=2.0 (from jinja2<4,>=3.1.3->dbt-common<2.0,>=1.0.4->dbt-postgres)
[2026-02-05T05:40:30.134+0000] {subprocess.py:93} INFO -   Downloading markupsafe-3.0.3-cp312-cp312-manylinux2014_x86_64.manylinux_2_17_x86_64.manylinux_2_28_x86_64.whl.metadata (2.7 kB)
[2026-02-05T05:40:30.195+0000] {subprocess.py:93} INFO - Collecting attrs>=22.2.0 (from jsonschema<5.0,>=4.0->dbt-common<2.0,>=1.0.4->dbt-postgres)
[2026-02-05T05:40:30.212+0000] {subprocess.py:93} INFO -   Downloading attrs-25.4.0-py3-none-any.whl.metadata (10 kB)
[2026-02-05T05:40:30.252+0000] {subprocess.py:93} INFO - Collecting jsonschema-specifications>=2023.03.6 (from jsonschema<5.0,>=4.0->dbt-common<2.0,>=1.0.4->dbt-postgres)
[2026-02-05T05:40:30.262+0000] {subprocess.py:93} INFO -   Downloading jsonschema_specifications-2025.9.1-py3-none-any.whl.metadata (2.9 kB)
[2026-02-05T05:40:30.362+0000] {subprocess.py:93} INFO - Collecting referencing>=0.28.4 (from jsonschema<5.0,>=4.0->dbt-common<2.0,>=1.0.4->dbt-postgres)
[2026-02-05T05:40:30.372+0000] {subprocess.py:93} INFO -   Downloading referencing-0.37.0-py3-none-any.whl.metadata (2.8 kB)
[2026-02-05T05:40:31.049+0000] {subprocess.py:93} INFO - Collecting rpds-py>=0.25.0 (from jsonschema<5.0,>=4.0->dbt-common<2.0,>=1.0.4->dbt-postgres)
[2026-02-05T05:40:31.059+0000] {subprocess.py:93} INFO -   Downloading rpds_py-0.30.0-cp312-cp312-manylinux_2_17_x86_64.manylinux2014_x86_64.whl.metadata (4.1 kB)
[2026-02-05T05:40:31.206+0000] {subprocess.py:93} INFO - Collecting msgpack>=0.5.6 (from mashumaro[msgpack]<3.15,>=3.9->dbt-adapters<2.0,>=1.19.0->dbt-postgres)
[2026-02-05T05:40:31.217+0000] {subprocess.py:93} INFO -   Downloading msgpack-1.1.2-cp312-cp312-manylinux2014_x86_64.manylinux_2_17_x86_64.manylinux_2_28_x86_64.whl.metadata (8.1 kB)
[2026-02-05T05:40:31.261+0000] {subprocess.py:93} INFO - Collecting annotated-types>=0.6.0 (from pydantic<3->dbt-core>=1.8.0rc1->dbt-postgres)
[2026-02-05T05:40:31.271+0000] {subprocess.py:93} INFO -   Downloading annotated_types-0.7.0-py3-none-any.whl.metadata (15 kB)
[2026-02-05T05:40:32.688+0000] {subprocess.py:93} INFO - Collecting pydantic-core==2.41.5 (from pydantic<3->dbt-core>=1.8.0rc1->dbt-postgres)
[2026-02-05T05:40:32.696+0000] {subprocess.py:93} INFO -   Downloading pydantic_core-2.41.5-cp312-cp312-manylinux_2_17_x86_64.manylinux2014_x86_64.whl.metadata (7.3 kB)
[2026-02-05T05:40:32.730+0000] {subprocess.py:93} INFO - Collecting typing-inspection>=0.4.2 (from pydantic<3->dbt-core>=1.8.0rc1->dbt-postgres)
[2026-02-05T05:40:32.738+0000] {subprocess.py:93} INFO -   Downloading typing_inspection-0.4.2-py3-none-any.whl.metadata (2.6 kB)
[2026-02-05T05:40:32.779+0000] {subprocess.py:93} INFO - Collecting six>=1.5 (from python-dateutil<3.0,>=2.0->dbt-common<2.0,>=1.0.4->dbt-postgres)
[2026-02-05T05:40:32.793+0000] {subprocess.py:93} INFO -   Downloading six-1.17.0-py2.py3-none-any.whl.metadata (1.7 kB)
[2026-02-05T05:40:32.835+0000] {subprocess.py:93} INFO - Collecting text-unidecode>=1.3 (from python-slugify>=1.2.1->agate<2.0,>=1.0->dbt-postgres)
[2026-02-05T05:40:32.845+0000] {subprocess.py:93} INFO -   Downloading text_unidecode-1.3-py2.py3-none-any.whl.metadata (2.4 kB)
[2026-02-05T05:40:33.012+0000] {subprocess.py:93} INFO - Collecting charset_normalizer<4,>=2 (from requests<3.0.0->dbt-common<2.0,>=1.0.4->dbt-postgres)
[2026-02-05T05:40:33.022+0000] {subprocess.py:93} INFO -   Downloading charset_normalizer-3.4.4-cp312-cp312-manylinux2014_x86_64.manylinux_2_17_x86_64.manylinux_2_28_x86_64.whl.metadata (37 kB)
[2026-02-05T05:40:33.077+0000] {subprocess.py:93} INFO - Collecting idna<4,>=2.5 (from requests<3.0.0->dbt-common<2.0,>=1.0.4->dbt-postgres)
[2026-02-05T05:40:33.085+0000] {subprocess.py:93} INFO -   Downloading idna-3.11-py3-none-any.whl.metadata (8.4 kB)
[2026-02-05T05:40:33.175+0000] {subprocess.py:93} INFO - Collecting urllib3<3,>=1.21.1 (from requests<3.0.0->dbt-common<2.0,>=1.0.4->dbt-postgres)
[2026-02-05T05:40:33.183+0000] {subprocess.py:93} INFO -   Downloading urllib3-2.6.3-py3-none-any.whl.metadata (6.9 kB)
[2026-02-05T05:40:33.228+0000] {subprocess.py:93} INFO - Collecting certifi>=2017.4.17 (from requests<3.0.0->dbt-common<2.0,>=1.0.4->dbt-postgres)
[2026-02-05T05:40:33.240+0000] {subprocess.py:93} INFO -   Downloading certifi-2026.1.4-py3-none-any.whl.metadata (2.5 kB)
[2026-02-05T05:40:33.395+0000] {subprocess.py:93} INFO - Collecting zipp>=3.20 (from importlib-metadata<9,>=6.0->dbt-semantic-interfaces<0.10,>=0.9.0->dbt-core>=1.8.0rc1->dbt-postgres)
[2026-02-05T05:40:33.407+0000] {subprocess.py:93} INFO -   Downloading zipp-3.23.0-py3-none-any.whl.metadata (3.6 kB)
[2026-02-05T05:40:33.525+0000] {subprocess.py:93} INFO - Downloading dbt_postgres-1.10.0-py3-none-any.whl (35 kB)
[2026-02-05T05:40:33.565+0000] {subprocess.py:93} INFO - Downloading dbt_adapters-1.22.5-py3-none-any.whl (172 kB)
[2026-02-05T05:40:33.621+0000] {subprocess.py:93} INFO - Downloading dbt_common-1.37.2-py3-none-any.whl (87 kB)
[2026-02-05T05:40:33.656+0000] {subprocess.py:93} INFO - Downloading agate-1.9.1-py2.py3-none-any.whl (95 kB)
[2026-02-05T05:40:33.679+0000] {subprocess.py:93} INFO - Downloading dbt_core-1.11.2-py3-none-any.whl (1.0 MB)
[2026-02-05T05:40:33.756+0000] {subprocess.py:93} INFO -    â”â”â”â”â”â”â”â”â”â”â”â”â”â”â”â”â”â”â”â”â”â”â”â”â”â”â”â”â”â”â”â”â”â”â”â”â”â”â”â” 1.0/1.0 MB 12.7 MB/s eta 0:00:00
[2026-02-05T05:40:33.767+0000] {subprocess.py:93} INFO - Downloading psycopg2_binary-2.9.11-cp312-cp312-manylinux2014_x86_64.manylinux_2_17_x86_64.whl (4.2 MB)
[2026-02-05T05:40:34.255+0000] {subprocess.py:93} INFO -    â”â”â”â”â”â”â”â”â”â”â”â”â”â”â”â”â”â”â”â”â”â”â”â”â”â”â”â”â”â”â”â”â”â”â”â”â”â”â”â” 4.2/4.2 MB 9.1 MB/s eta 0:00:00
[2026-02-05T05:40:34.268+0000] {subprocess.py:93} INFO - Downloading babel-2.18.0-py3-none-any.whl (10.2 MB)
[2026-02-05T05:40:35.142+0000] {subprocess.py:93} INFO -    â”â”â”â”â”â”â”â”â”â”â”â”â”â”â”â”â”â”â”â”â”â”â”â”â”â”â”â”â”â”â”â”â”â”â”â”â”â”â”â” 10.2/10.2 MB 11.9 MB/s eta 0:00:00
[2026-02-05T05:40:35.155+0000] {subprocess.py:93} INFO - Downloading click-8.3.1-py3-none-any.whl (108 kB)
[2026-02-05T05:40:35.173+0000] {subprocess.py:93} INFO - Downloading colorama-0.4.6-py2.py3-none-any.whl (25 kB)
[2026-02-05T05:40:35.191+0000] {subprocess.py:93} INFO - Downloading daff-1.4.2-py3-none-any.whl (144 kB)
[2026-02-05T05:40:35.212+0000] {subprocess.py:93} INFO - Downloading dbt_extractor-0.6.0-cp39-abi3-manylinux_2_17_x86_64.manylinux2014_x86_64.whl (442 kB)
[2026-02-05T05:40:35.254+0000] {subprocess.py:93} INFO - Downloading dbt_protos-1.0.427-py3-none-any.whl (174 kB)
[2026-02-05T05:40:35.281+0000] {subprocess.py:93} INFO - Downloading dbt_semantic_interfaces-0.9.0-py3-none-any.whl (147 kB)
[2026-02-05T05:40:35.324+0000] {subprocess.py:93} INFO - Downloading deepdiff-8.6.1-py3-none-any.whl (91 kB)
[2026-02-05T05:40:35.345+0000] {subprocess.py:93} INFO - Downloading isodate-0.7.2-py3-none-any.whl (22 kB)
[2026-02-05T05:40:35.363+0000] {subprocess.py:93} INFO - Downloading jinja2-3.1.6-py3-none-any.whl (134 kB)
[2026-02-05T05:40:35.389+0000] {subprocess.py:93} INFO - Downloading jsonschema-4.26.0-py3-none-any.whl (90 kB)
[2026-02-05T05:40:35.412+0000] {subprocess.py:93} INFO - Downloading leather-0.4.1-py3-none-any.whl (30 kB)
[2026-02-05T05:40:35.433+0000] {subprocess.py:93} INFO - Downloading mashumaro-3.14-py3-none-any.whl (92 kB)
[2026-02-05T05:40:35.466+0000] {subprocess.py:93} INFO - Downloading networkx-3.6.1-py3-none-any.whl (2.1 MB)
[2026-02-05T05:40:35.725+0000] {subprocess.py:93} INFO -    â”â”â”â”â”â”â”â”â”â”â”â”â”â”â”â”â”â”â”â”â”â”â”â”â”â”â”â”â”â”â”â”â”â”â”â”â”â”â”â” 2.1/2.1 MB 7.9 MB/s eta 0:00:00
[2026-02-05T05:40:35.735+0000] {subprocess.py:93} INFO - Downloading packaging-26.0-py3-none-any.whl (74 kB)
[2026-02-05T05:40:35.762+0000] {subprocess.py:93} INFO - Downloading parsedatetime-2.6-py3-none-any.whl (42 kB)
[2026-02-05T05:40:35.802+0000] {subprocess.py:93} INFO - Downloading pathspec-0.12.1-py3-none-any.whl (31 kB)
[2026-02-05T05:40:35.837+0000] {subprocess.py:93} INFO - Downloading protobuf-6.33.5-cp39-abi3-manylinux2014_x86_64.whl (323 kB)
[2026-02-05T05:40:35.875+0000] {subprocess.py:93} INFO - Downloading pydantic-2.12.5-py3-none-any.whl (463 kB)
[2026-02-05T05:40:35.933+0000] {subprocess.py:93} INFO - Downloading pydantic_core-2.41.5-cp312-cp312-manylinux_2_17_x86_64.manylinux2014_x86_64.whl (2.1 MB)
[2026-02-05T05:40:36.082+0000] {subprocess.py:93} INFO -    â”â”â”â”â”â”â”â”â”â”â”â”â”â”â”â”â”â”â”â”â”â”â”â”â”â”â”â”â”â”â”â”â”â”â”â”â”â”â”â” 2.1/2.1 MB 13.9 MB/s eta 0:00:00
[2026-02-05T05:40:36.092+0000] {subprocess.py:93} INFO - Downloading python_dateutil-2.9.0.post0-py2.py3-none-any.whl (229 kB)
[2026-02-05T05:40:36.128+0000] {subprocess.py:93} INFO - Downloading python_slugify-8.0.4-py2.py3-none-any.whl (10 kB)
[2026-02-05T05:40:36.150+0000] {subprocess.py:93} INFO - Downloading pytimeparse-1.1.8-py2.py3-none-any.whl (10.0 kB)
[2026-02-05T05:40:36.167+0000] {subprocess.py:93} INFO - Downloading pytz-2025.2-py2.py3-none-any.whl (509 kB)
[2026-02-05T05:40:36.221+0000] {subprocess.py:93} INFO - Downloading pyyaml-6.0.3-cp312-cp312-manylinux2014_x86_64.manylinux_2_17_x86_64.manylinux_2_28_x86_64.whl (807 kB)
[2026-02-05T05:40:36.277+0000] {subprocess.py:93} INFO -    â”â”â”â”â”â”â”â”â”â”â”â”â”â”â”â”â”â”â”â”â”â”â”â”â”â”â”â”â”â”â”â”â”â”â”â”â”â”â”â” 807.9/807.9 kB 13.7 MB/s eta 0:00:00
[2026-02-05T05:40:36.287+0000] {subprocess.py:93} INFO - Downloading requests-2.32.5-py3-none-any.whl (64 kB)
[2026-02-05T05:40:36.319+0000] {subprocess.py:93} INFO - Downloading snowplow_tracker-1.1.0-py3-none-any.whl (44 kB)
[2026-02-05T05:40:36.339+0000] {subprocess.py:93} INFO - Downloading sqlparse-0.5.4-py3-none-any.whl (45 kB)
[2026-02-05T05:40:36.360+0000] {subprocess.py:93} INFO - Downloading typing_extensions-4.15.0-py3-none-any.whl (44 kB)
[2026-02-05T05:40:36.377+0000] {subprocess.py:93} INFO - Downloading annotated_types-0.7.0-py3-none-any.whl (13 kB)
[2026-02-05T05:40:36.394+0000] {subprocess.py:93} INFO - Downloading attrs-25.4.0-py3-none-any.whl (67 kB)
[2026-02-05T05:40:36.420+0000] {subprocess.py:93} INFO - Downloading certifi-2026.1.4-py3-none-any.whl (152 kB)
[2026-02-05T05:40:36.456+0000] {subprocess.py:93} INFO - Downloading charset_normalizer-3.4.4-cp312-cp312-manylinux2014_x86_64.manylinux_2_17_x86_64.manylinux_2_28_x86_64.whl (153 kB)
[2026-02-05T05:40:36.495+0000] {subprocess.py:93} INFO - Downloading idna-3.11-py3-none-any.whl (71 kB)
[2026-02-05T05:40:36.528+0000] {subprocess.py:93} INFO - Downloading importlib_metadata-8.7.1-py3-none-any.whl (27 kB)
[2026-02-05T05:40:36.567+0000] {subprocess.py:93} INFO - Downloading jsonschema_specifications-2025.9.1-py3-none-any.whl (18 kB)
[2026-02-05T05:40:36.586+0000] {subprocess.py:93} INFO - Downloading markupsafe-3.0.3-cp312-cp312-manylinux2014_x86_64.manylinux_2_17_x86_64.manylinux_2_28_x86_64.whl (22 kB)
[2026-02-05T05:40:36.605+0000] {subprocess.py:93} INFO - Downloading more_itertools-10.8.0-py3-none-any.whl (69 kB)
[2026-02-05T05:40:36.631+0000] {subprocess.py:93} INFO - Downloading msgpack-1.1.2-cp312-cp312-manylinux2014_x86_64.manylinux_2_17_x86_64.manylinux_2_28_x86_64.whl (427 kB)
[2026-02-05T05:40:36.678+0000] {subprocess.py:93} INFO - Downloading orderly_set-5.5.0-py3-none-any.whl (13 kB)
[2026-02-05T05:40:36.697+0000] {subprocess.py:93} INFO - Downloading referencing-0.37.0-py3-none-any.whl (26 kB)
[2026-02-05T05:40:36.714+0000] {subprocess.py:93} INFO - Downloading rpds_py-0.30.0-cp312-cp312-manylinux_2_17_x86_64.manylinux2014_x86_64.whl (394 kB)
[2026-02-05T05:40:36.754+0000] {subprocess.py:93} INFO - Downloading six-1.17.0-py2.py3-none-any.whl (11 kB)
[2026-02-05T05:40:36.770+0000] {subprocess.py:93} INFO - Downloading text_unidecode-1.3-py2.py3-none-any.whl (78 kB)
[2026-02-05T05:40:36.787+0000] {subprocess.py:93} INFO - Downloading typing_inspection-0.4.2-py3-none-any.whl (14 kB)
[2026-02-05T05:40:36.818+0000] {subprocess.py:93} INFO - Downloading urllib3-2.6.3-py3-none-any.whl (131 kB)
[2026-02-05T05:40:36.838+0000] {subprocess.py:93} INFO - Downloading zipp-3.23.0-py3-none-any.whl (10 kB)
[2026-02-05T05:40:37.149+0000] {subprocess.py:93} INFO - Installing collected packages: text-unidecode, pytz, pytimeparse, parsedatetime, leather, daff, zipp, urllib3, typing-extensions, sqlparse, six, rpds-py, pyyaml, python-slugify, psycopg2-binary, protobuf, pathspec, packaging, orderly-set, networkx, msgpack, more-itertools, MarkupSafe, isodate, idna, dbt-extractor, colorama, click, charset_normalizer, certifi, Babel, attrs, annotated-types, typing-inspection, requests, referencing, python-dateutil, pydantic-core, mashumaro, jinja2, importlib-metadata, deepdiff, dbt-protos, agate, snowplow-tracker, pydantic, jsonschema-specifications, jsonschema, dbt-semantic-interfaces, dbt-common, dbt-adapters, dbt-core, dbt-postgres
[2026-02-05T05:40:44.713+0000] {subprocess.py:93} INFO - Successfully installed Babel-2.18.0 MarkupSafe-3.0.3 agate-1.9.1 annotated-types-0.7.0 attrs-25.4.0 certifi-2026.1.4 charset_normalizer-3.4.4 click-8.3.1 colorama-0.4.6 daff-1.4.2 dbt-adapters-1.22.5 dbt-common-1.37.2 dbt-core-1.11.2 dbt-extractor-0.6.0 dbt-postgres-1.10.0 dbt-protos-1.0.427 dbt-semantic-interfaces-0.9.0 deepdiff-8.6.1 idna-3.11 importlib-metadata-8.7.1 isodate-0.7.2 jinja2-3.1.6 jsonschema-4.26.0 jsonschema-specifications-2025.9.1 leather-0.4.1 mashumaro-3.14 more-itertools-10.8.0 msgpack-1.1.2 networkx-3.6.1 orderly-set-5.5.0 packaging-26.0 parsedatetime-2.6 pathspec-0.12.1 protobuf-6.33.5 psycopg2-binary-2.9.11 pydantic-2.12.5 pydantic-core-2.41.5 python-dateutil-2.9.0.post0 python-slugify-8.0.4 pytimeparse-1.1.8 pytz-2025.2 pyyaml-6.0.3 referencing-0.37.0 requests-2.32.5 rpds-py-0.30.0 six-1.17.0 snowplow-tracker-1.1.0 sqlparse-0.5.4 text-unidecode-1.3 typing-extensions-4.15.0 typing-inspection-0.4.2 urllib3-2.6.3 zipp-3.23.0
[2026-02-05T05:40:44.964+0000] {subprocess.py:93} INFO - 
[2026-02-05T05:40:44.965+0000] {subprocess.py:93} INFO - [notice] A new release of pip is available: 24.2 -> 26.0.1
[2026-02-05T05:40:44.965+0000] {subprocess.py:93} INFO - [notice] To update, run: pip install --upgrade pip
[2026-02-05T05:40:49.221+0000] {subprocess.py:93} INFO - [0m05:40:49  Running with dbt=1.11.2
[2026-02-05T05:40:49.227+0000] {subprocess.py:93} INFO - [0m05:40:49  Encountered an error:
[2026-02-05T05:40:49.227+0000] {subprocess.py:93} INFO - Runtime Error
[2026-02-05T05:40:49.228+0000] {subprocess.py:93} INFO -   Could not find profile named 'crypto_analytics'
[2026-02-05T05:40:50.735+0000] {subprocess.py:97} INFO - Command exited with return code 2
[2026-02-05T05:40:50.746+0000] {taskinstance.py:3310} ERROR - Task failed with exception
Traceback (most recent call last):
  File "/home/airflow/.local/lib/python3.12/site-packages/airflow/models/taskinstance.py", line 767, in _execute_task
    result = _execute_callable(context=context, **execute_callable_kwargs)
             ^^^^^^^^^^^^^^^^^^^^^^^^^^^^^^^^^^^^^^^^^^^^^^^^^^^^^^^^^^^^^
  File "/home/airflow/.local/lib/python3.12/site-packages/airflow/models/taskinstance.py", line 733, in _execute_callable
    return ExecutionCallableRunner(
           ^^^^^^^^^^^^^^^^^^^^^^^^
  File "/home/airflow/.local/lib/python3.12/site-packages/airflow/utils/operator_helpers.py", line 252, in run
    return self.func(*args, **kwargs)
           ^^^^^^^^^^^^^^^^^^^^^^^^^^
  File "/home/airflow/.local/lib/python3.12/site-packages/airflow/models/baseoperator.py", line 406, in wrapper
    return func(self, *args, **kwargs)
           ^^^^^^^^^^^^^^^^^^^^^^^^^^^
  File "/home/airflow/.local/lib/python3.12/site-packages/airflow/operators/bash.py", line 249, in execute
    raise AirflowException(
airflow.exceptions.AirflowException: Bash command failed. The command returned a non-zero exit code 2.
[2026-02-05T05:40:50.753+0000] {taskinstance.py:1225} INFO - Marking task as FAILED. dag_id=crypto_etl_pipeline, task_id=dbt_transform, run_id=scheduled__2026-02-05T04:00:00+00:00, execution_date=20260205T040000, start_date=20260205T054019, end_date=20260205T054050
[2026-02-05T05:40:50.767+0000] {taskinstance.py:340} INFO - ::group::Post task execution logs
[2026-02-05T05:40:50.768+0000] {standard_task_runner.py:124} ERROR - Failed to execute job 5 for task dbt_transform (Bash command failed. The command returned a non-zero exit code 2.; 321)
Traceback (most recent call last):
  File "/home/airflow/.local/lib/python3.12/site-packages/airflow/task/task_runner/standard_task_runner.py", line 117, in _start_by_fork
    ret = args.func(args, dag=self.dag)
          ^^^^^^^^^^^^^^^^^^^^^^^^^^^^^
  File "/home/airflow/.local/lib/python3.12/site-packages/airflow/cli/cli_config.py", line 49, in command
    return func(*args, **kwargs)
           ^^^^^^^^^^^^^^^^^^^^^
  File "/home/airflow/.local/lib/python3.12/site-packages/airflow/utils/cli.py", line 115, in wrapper
    return f(*args, **kwargs)
           ^^^^^^^^^^^^^^^^^^
  File "/home/airflow/.local/lib/python3.12/site-packages/airflow/cli/commands/task_command.py", line 483, in task_run
    task_return_code = _run_task_by_selected_method(args, _dag, ti)
                       ^^^^^^^^^^^^^^^^^^^^^^^^^^^^^^^^^^^^^^^^^^^^
  File "/home/airflow/.local/lib/python3.12/site-packages/airflow/cli/commands/task_command.py", line 256, in _run_task_by_selected_method
    return _run_raw_task(args, ti)
           ^^^^^^^^^^^^^^^^^^^^^^^
  File "/home/airflow/.local/lib/python3.12/site-packages/airflow/cli/commands/task_command.py", line 341, in _run_raw_task
    return ti._run_raw_task(
           ^^^^^^^^^^^^^^^^^
  File "/home/airflow/.local/lib/python3.12/site-packages/airflow/utils/session.py", line 97, in wrapper
    return func(*args, session=session, **kwargs)
           ^^^^^^^^^^^^^^^^^^^^^^^^^^^^^^^^^^^^^^
  File "/home/airflow/.local/lib/python3.12/site-packages/airflow/models/taskinstance.py", line 3004, in _run_raw_task
    return _run_raw_task(
           ^^^^^^^^^^^^^^
  File "/home/airflow/.local/lib/python3.12/site-packages/airflow/models/taskinstance.py", line 273, in _run_raw_task
    TaskInstance._execute_task_with_callbacks(
  File "/home/airflow/.local/lib/python3.12/site-packages/airflow/models/taskinstance.py", line 3158, in _execute_task_with_callbacks
    result = self._execute_task(context, task_orig)
             ^^^^^^^^^^^^^^^^^^^^^^^^^^^^^^^^^^^^^^
  File "/home/airflow/.local/lib/python3.12/site-packages/airflow/models/taskinstance.py", line 3182, in _execute_task
    return _execute_task(self, context, task_orig)
           ^^^^^^^^^^^^^^^^^^^^^^^^^^^^^^^^^^^^^^^
  File "/home/airflow/.local/lib/python3.12/site-packages/airflow/models/taskinstance.py", line 767, in _execute_task
    result = _execute_callable(context=context, **execute_callable_kwargs)
             ^^^^^^^^^^^^^^^^^^^^^^^^^^^^^^^^^^^^^^^^^^^^^^^^^^^^^^^^^^^^^
  File "/home/airflow/.local/lib/python3.12/site-packages/airflow/models/taskinstance.py", line 733, in _execute_callable
    return ExecutionCallableRunner(
           ^^^^^^^^^^^^^^^^^^^^^^^^
  File "/home/airflow/.local/lib/python3.12/site-packages/airflow/utils/operator_helpers.py", line 252, in run
    return self.func(*args, **kwargs)
           ^^^^^^^^^^^^^^^^^^^^^^^^^^
  File "/home/airflow/.local/lib/python3.12/site-packages/airflow/models/baseoperator.py", line 406, in wrapper
    return func(self, *args, **kwargs)
           ^^^^^^^^^^^^^^^^^^^^^^^^^^^
  File "/home/airflow/.local/lib/python3.12/site-packages/airflow/operators/bash.py", line 249, in execute
    raise AirflowException(
airflow.exceptions.AirflowException: Bash command failed. The command returned a non-zero exit code 2.
[2026-02-05T05:40:50.786+0000] {local_task_job_runner.py:266} INFO - Task exited with return code 1
[2026-02-05T05:40:50.801+0000] {taskinstance.py:3900} INFO - 0 downstream tasks scheduled from follow-on schedule check
[2026-02-05T05:40:50.803+0000] {local_task_job_runner.py:245} INFO - ::endgroup::
